<?xml version="1.0" encoding="UTF-8"?>
<!-- Generated by org.testng.reporters.JUnitXMLReporter -->
<testsuite ignored="2" hostname="Ronaldo7" failures="0" tests="3" name="Test" time="72.729" errors="0" timestamp="2025-05-06T16:33:27 IST">
  <testcase classname="test_package.ReloginTest" name="datadriven" time="28.573"/>
  <testcase classname="test_package.Re_productpagetest" name="set" time="30.47"/>
  <testcase classname="test_package.ReCheckout" name="checkdetails" time="7.906"/>
  <testcase classname="base_package.Base_RoyalEnfield" name="@BeforeTest setup" time="0.0">
    <ignored/>
  </testcase> <!-- @BeforeTest setup -->
  <testcase classname="base_package.Base_RoyalEnfield" name="@BeforeTest setup" time="0.0">
    <ignored/>
  </testcase> <!-- @BeforeTest setup -->
</testsuite> <!-- Test -->
