<?xml version="1.0" encoding="UTF-8"?>
<testng-results ignored="0" total="3" passed="3" failed="0" skipped="0">
  <reporter-output>
  </reporter-output>
  <suite started-at="2025-05-06T16:32:14 IST" name="Suite" finished-at="2025-05-06T16:33:27 IST" duration-ms="72729">
    <groups>
    </groups>
    <test started-at="2025-05-06T16:32:14 IST" name="Test" finished-at="2025-05-06T16:33:27 IST" duration-ms="72729">
      <class name="test_package.Re_productpagetest">
        <test-method signature="set()[pri:0, instance:test_package.Re_productpagetest@6743e411]" started-at="2025-05-06T16:32:48 IST" name="set" finished-at="2025-05-06T16:33:19 IST" duration-ms="30470" status="PASS">
          <reporter-output>
          </reporter-output>
        </test-method> <!-- set -->
      </class> <!-- test_package.Re_productpagetest -->
      <class name="test_package.ReCheckout">
        <test-method signature="checkdetails()[pri:0, instance:test_package.ReCheckout@3eb25e1a]" started-at="2025-05-06T16:33:19 IST" name="checkdetails" finished-at="2025-05-06T16:33:27 IST" duration-ms="7906" status="PASS">
          <reporter-output>
          </reporter-output>
        </test-method> <!-- checkdetails -->
      </class> <!-- test_package.ReCheckout -->
      <class name="test_package.ReloginTest">
        <test-method is-config="true" signature="setup()[pri:0, instance:test_package.ReloginTest@682b2fa]" started-at="2025-05-06T16:32:14 IST" name="setup" finished-at="2025-05-06T16:32:20 IST" duration-ms="5715" status="PASS">
          <reporter-output>
          </reporter-output>
        </test-method> <!-- setup -->
        <test-method signature="datadriven()[pri:0, instance:test_package.ReloginTest@682b2fa]" started-at="2025-05-06T16:32:20 IST" name="datadriven" finished-at="2025-05-06T16:32:48 IST" duration-ms="28573" status="PASS">
          <reporter-output>
          </reporter-output>
        </test-method> <!-- datadriven -->
      </class> <!-- test_package.ReloginTest -->
    </test> <!-- Test -->
  </suite> <!-- Suite -->
</testng-results>
